app/build/intermediates/manifest_merge_blame_file/debug/manifest-merger-blame-debug-report.txt
1<?xml version="1.0" encoding="utf-8"?>
2<manifest xmlns:android="http://schemas.android.com/apk/res/android"
3    package="com.example.socio"
4    android:versionCode="1"
5    android:versionName="1.0" >
6
7    <uses-sdk
8        android:minSdkVersion="16"
8-->src/main/AndroidManifest.xml
9        android:targetSdkVersion="30" />
9-->src/main/AndroidManifest.xml
10
11    <!-- Although the *SdkVersion is captured in gradle build files, this is required for non gradle builds -->
12    <!-- <uses-sdk android:minSdkVersion="14"/> -->
13    <uses-permission android:name="android.permission.ACCESS_NETWORK_STATE" />
13-->[com.google.firebase:firebase-storage:19.2.2] AndroidManifest.xml:26:5-79
13-->[com.google.firebase:firebase-storage:19.2.2] AndroidManifest.xml:26:22-76
14    <uses-permission android:name="android.permission.INTERNET" />
14-->[com.google.firebase:firebase-storage:19.2.2] AndroidManifest.xml:27:5-67
14-->[com.google.firebase:firebase-storage:19.2.2] AndroidManifest.xml:27:22-64
15    <uses-permission android:name="android.permission.WAKE_LOCK" />
15-->[com.google.android.gms:play-services-measurement-api:18.0.3] AndroidManifest.xml:24:5-68
15-->[com.google.android.gms:play-services-measurement-api:18.0.3] AndroidManifest.xml:24:22-65
16    <uses-permission android:name="com.google.android.finsky.permission.BIND_GET_INSTALL_REFERRER_SERVICE" />
16-->[com.google.android.gms:play-services-measurement:18.0.3] AndroidManifest.xml:26:5-110
16-->[com.google.android.gms:play-services-measurement:18.0.3] AndroidManifest.xml:26:22-107
17
18    <application
18-->src/main/AndroidManifest.xml:5:5-45:19
19        android:name="androidx.multidex.MultiDexApplication"
20        android:allowBackup="true"
20-->src/main/AndroidManifest.xml:6:9-35
21        android:appComponentFactory="androidx.core.app.CoreComponentFactory"
21-->[androidx.core:core:1.3.2] AndroidManifest.xml:24:18-86
22        android:debuggable="true"
23        android:icon="@drawable/logo1"
23-->src/main/AndroidManifest.xml:7:9-39
24        android:label="@string/app_name"
24-->src/main/AndroidManifest.xml:8:9-41
25        android:roundIcon="@mipmap/app_icon_round"
25-->src/main/AndroidManifest.xml:9:9-51
26        android:supportsRtl="true"
26-->src/main/AndroidManifest.xml:10:9-35
27        android:theme="@style/Theme.Socio" >
27-->src/main/AndroidManifest.xml:11:9-43
28        <activity android:name="com.example.socio.MainActivity" >
28-->src/main/AndroidManifest.xml:12:9-18:20
28-->src/main/AndroidManifest.xml:12:19-47
29            <intent-filter>
29-->src/main/AndroidManifest.xml:13:13-17:29
30                <action android:name="android.intent.action.MAIN" />
30-->src/main/AndroidManifest.xml:14:17-69
30-->src/main/AndroidManifest.xml:14:25-66
31
32                <category android:name="android.intent.category.LAUNCHER" />
32-->src/main/AndroidManifest.xml:16:17-77
32-->src/main/AndroidManifest.xml:16:27-74
33            </intent-filter>
34        </activity>
35        <activity android:name="com.example.socio.LoginActivity" >
35-->src/main/AndroidManifest.xml:19:9-20:20
35-->src/main/AndroidManifest.xml:19:19-48
36        </activity>
37        <activity android:name="com.example.socio.Register" >
37-->src/main/AndroidManifest.xml:21:9-26:20
37-->src/main/AndroidManifest.xml:22:13-37
38        </activity>
39        <activity android:name="com.example.socio.HomeActivity" >
39-->src/main/AndroidManifest.xml:27:9-29:20
39-->src/main/AndroidManifest.xml:27:19-47
40        </activity>
41        <activity android:name="com.example.socio.EventActivity" >
41-->src/main/AndroidManifest.xml:30:9-34:20
41-->src/main/AndroidManifest.xml:31:13-42
42        </activity>
43        <activity android:name="com.example.socio.ProfileActivity" >
43-->src/main/AndroidManifest.xml:35:9-39:20
43-->src/main/AndroidManifest.xml:36:13-44
44        </activity>
45
46        <meta-data
46-->src/main/AndroidManifest.xml:41:9-43:57
47            android:name="preloaded_fonts"
47-->src/main/AndroidManifest.xml:42:13-43
48            android:resource="@array/preloaded_fonts" />
48-->src/main/AndroidManifest.xml:43:13-54
49
50        <service
50-->[com.google.firebase:firebase-storage:19.2.2] AndroidManifest.xml:30:9-36:19
51            android:name="com.google.firebase.components.ComponentDiscoveryService"
51-->[com.google.firebase:firebase-storage:19.2.2] AndroidManifest.xml:31:13-84
52            android:directBootAware="true"
52-->[com.google.firebase:firebase-common:19.5.0] AndroidManifest.xml:35:13-43
53            android:exported="false" >
53-->[com.google.firebase:firebase-storage:19.2.2] AndroidManifest.xml:32:13-37
54            <meta-data
54-->[com.google.firebase:firebase-storage:19.2.2] AndroidManifest.xml:33:13-35:85
55                android:name="com.google.firebase.components:com.google.firebase.storage.StorageRegistrar"
55-->[com.google.firebase:firebase-storage:19.2.2] AndroidManifest.xml:34:17-107
56                android:value="com.google.firebase.components.ComponentRegistrar" />
56-->[com.google.firebase:firebase-storage:19.2.2] AndroidManifest.xml:35:17-82
57            <meta-data
57-->[com.google.firebase:firebase-firestore:22.1.2] AndroidManifest.xml:20:13-22:85
58                android:name="com.google.firebase.components:com.google.firebase.firestore.FirestoreRegistrar"
58-->[com.google.firebase:firebase-firestore:22.1.2] AndroidManifest.xml:21:17-111
59                android:value="com.google.firebase.components.ComponentRegistrar" />
59-->[com.google.firebase:firebase-firestore:22.1.2] AndroidManifest.xml:22:17-82
60            <meta-data
60-->[com.google.firebase:firebase-database-ktx:19.7.0] AndroidManifest.xml:15:13-17:85
61                android:name="com.google.firebase.components:com.google.firebase.database.ktx.FirebaseDatabaseKtxRegistrar"
61-->[com.google.firebase:firebase-database-ktx:19.7.0] AndroidManifest.xml:16:17-124
62                android:value="com.google.firebase.components.ComponentRegistrar" />
62-->[com.google.firebase:firebase-database-ktx:19.7.0] AndroidManifest.xml:17:17-82
63            <meta-data
63-->[com.google.firebase:firebase-database:19.7.0] AndroidManifest.xml:32:13-34:85
64                android:name="com.google.firebase.components:com.google.firebase.database.DatabaseRegistrar"
64-->[com.google.firebase:firebase-database:19.7.0] AndroidManifest.xml:33:17-109
65                android:value="com.google.firebase.components.ComponentRegistrar" />
65-->[com.google.firebase:firebase-database:19.7.0] AndroidManifest.xml:34:17-82
66            <meta-data
66-->[com.google.firebase:firebase-auth:20.0.4] AndroidManifest.xml:77:13-79:85
67                android:name="com.google.firebase.components:com.google.firebase.auth.FirebaseAuthRegistrar"
67-->[com.google.firebase:firebase-auth:20.0.4] AndroidManifest.xml:78:17-109
68                android:value="com.google.firebase.components.ComponentRegistrar" />
68-->[com.google.firebase:firebase-auth:20.0.4] AndroidManifest.xml:79:17-82
69            <meta-data
69-->[com.google.android.gms:play-services-measurement-api:18.0.3] AndroidManifest.xml:30:13-32:85
70                android:name="com.google.firebase.components:com.google.firebase.analytics.connector.internal.AnalyticsConnectorRegistrar"
70-->[com.google.android.gms:play-services-measurement-api:18.0.3] AndroidManifest.xml:31:17-139
71                android:value="com.google.firebase.components.ComponentRegistrar" />
71-->[com.google.android.gms:play-services-measurement-api:18.0.3] AndroidManifest.xml:32:17-82
72            <meta-data
72-->[com.google.firebase:firebase-common-ktx:19.5.0] AndroidManifest.xml:15:13-17:85
73                android:name="com.google.firebase.components:com.google.firebase.ktx.FirebaseCommonKtxRegistrar"
73-->[com.google.firebase:firebase-common-ktx:19.5.0] AndroidManifest.xml:16:17-113
74                android:value="com.google.firebase.components.ComponentRegistrar" />
74-->[com.google.firebase:firebase-common-ktx:19.5.0] AndroidManifest.xml:17:17-82
75            <meta-data
75-->[com.google.firebase:firebase-installations:16.3.5] AndroidManifest.xml:18:13-20:85
76                android:name="com.google.firebase.components:com.google.firebase.installations.FirebaseInstallationsRegistrar"
76-->[com.google.firebase:firebase-installations:16.3.5] AndroidManifest.xml:19:17-127
77                android:value="com.google.firebase.components.ComponentRegistrar" />
77-->[com.google.firebase:firebase-installations:16.3.5] AndroidManifest.xml:20:17-82
78            <!--
79                This registrar is not defined in the dynamic-module-support sdk itself to allow non-firebase
80                clients to use it as well, by defining this registrar in their own core/common library.
81            -->
82            <meta-data
82-->[com.google.firebase:firebase-common:19.5.0] AndroidManifest.xml:43:13-45:85
83                android:name="com.google.firebase.components:com.google.firebase.dynamicloading.DynamicLoadingRegistrar"
83-->[com.google.firebase:firebase-common:19.5.0] AndroidManifest.xml:44:17-121
84                android:value="com.google.firebase.components.ComponentRegistrar" />
84-->[com.google.firebase:firebase-common:19.5.0] AndroidManifest.xml:45:17-82
85        </service>
86
87        <provider
87-->[com.squareup.picasso:picasso:2.71828] AndroidManifest.xml:8:9-11:40
88            android:name="com.squareup.picasso.PicassoProvider"
88-->[com.squareup.picasso:picasso:2.71828] AndroidManifest.xml:9:13-64
89            android:authorities="com.example.socio.com.squareup.picasso"
89-->[com.squareup.picasso:picasso:2.71828] AndroidManifest.xml:10:13-72
90            android:exported="false" />
90-->[com.squareup.picasso:picasso:2.71828] AndroidManifest.xml:11:13-37
91
92        <activity
92-->[com.google.firebase:firebase-auth:20.0.4] AndroidManifest.xml:27:9-44:20
93            android:name="com.google.firebase.auth.internal.GenericIdpActivity"
93-->[com.google.firebase:firebase-auth:20.0.4] AndroidManifest.xml:28:13-80
94            android:excludeFromRecents="true"
94-->[com.google.firebase:firebase-auth:20.0.4] AndroidManifest.xml:29:13-46
95            android:exported="true"
95-->[com.google.firebase:firebase-auth:20.0.4] AndroidManifest.xml:30:13-36
96            android:launchMode="singleTask"
96-->[com.google.firebase:firebase-auth:20.0.4] AndroidManifest.xml:31:13-44
97            android:theme="@android:style/Theme.Translucent.NoTitleBar" >
97-->[com.google.firebase:firebase-auth:20.0.4] AndroidManifest.xml:32:13-72
98            <intent-filter>
98-->[com.google.firebase:firebase-auth:20.0.4] AndroidManifest.xml:33:13-43:29
99                <action android:name="android.intent.action.VIEW" />
99-->[com.google.firebase:firebase-auth:20.0.4] AndroidManifest.xml:34:17-69
99-->[com.google.firebase:firebase-auth:20.0.4] AndroidManifest.xml:34:25-66
100
101                <category android:name="android.intent.category.DEFAULT" />
101-->[com.google.firebase:firebase-auth:20.0.4] AndroidManifest.xml:36:17-76
101-->[com.google.firebase:firebase-auth:20.0.4] AndroidManifest.xml:36:27-73
102                <category android:name="android.intent.category.BROWSABLE" />
102-->[com.google.firebase:firebase-auth:20.0.4] AndroidManifest.xml:37:17-78
102-->[com.google.firebase:firebase-auth:20.0.4] AndroidManifest.xml:37:27-75
103
104                <data
104-->[com.google.firebase:firebase-auth:20.0.4] AndroidManifest.xml:39:17-42:51
105                    android:host="firebase.auth"
105-->[com.google.firebase:firebase-auth:20.0.4] AndroidManifest.xml:40:21-49
106                    android:path="/"
106-->[com.google.firebase:firebase-auth:20.0.4] AndroidManifest.xml:41:21-37
107                    android:scheme="genericidp" />
107-->[com.google.firebase:firebase-auth:20.0.4] AndroidManifest.xml:42:21-48
108            </intent-filter>
109        </activity>
110        <activity
110-->[com.google.firebase:firebase-auth:20.0.4] AndroidManifest.xml:45:9-62:20
111            android:name="com.google.firebase.auth.internal.RecaptchaActivity"
111-->[com.google.firebase:firebase-auth:20.0.4] AndroidManifest.xml:46:13-79
112            android:excludeFromRecents="true"
112-->[com.google.firebase:firebase-auth:20.0.4] AndroidManifest.xml:47:13-46
113            android:exported="true"
113-->[com.google.firebase:firebase-auth:20.0.4] AndroidManifest.xml:48:13-36
114            android:launchMode="singleTask"
114-->[com.google.firebase:firebase-auth:20.0.4] AndroidManifest.xml:49:13-44
115            android:theme="@android:style/Theme.Translucent.NoTitleBar" >
115-->[com.google.firebase:firebase-auth:20.0.4] AndroidManifest.xml:50:13-72
116            <intent-filter>
116-->[com.google.firebase:firebase-auth:20.0.4] AndroidManifest.xml:51:13-61:29
117                <action android:name="android.intent.action.VIEW" />
117-->[com.google.firebase:firebase-auth:20.0.4] AndroidManifest.xml:34:17-69
117-->[com.google.firebase:firebase-auth:20.0.4] AndroidManifest.xml:34:25-66
118
119                <category android:name="android.intent.category.DEFAULT" />
119-->[com.google.firebase:firebase-auth:20.0.4] AndroidManifest.xml:36:17-76
119-->[com.google.firebase:firebase-auth:20.0.4] AndroidManifest.xml:36:27-73
120                <category android:name="android.intent.category.BROWSABLE" />
120-->[com.google.firebase:firebase-auth:20.0.4] AndroidManifest.xml:37:17-78
120-->[com.google.firebase:firebase-auth:20.0.4] AndroidManifest.xml:37:27-75
121
122                <data
122-->[com.google.firebase:firebase-auth:20.0.4] AndroidManifest.xml:39:17-42:51
123                    android:host="firebase.auth"
123-->[com.google.firebase:firebase-auth:20.0.4] AndroidManifest.xml:40:21-49
124                    android:path="/"
124-->[com.google.firebase:firebase-auth:20.0.4] AndroidManifest.xml:41:21-37
125                    android:scheme="recaptcha" />
125-->[com.google.firebase:firebase-auth:20.0.4] AndroidManifest.xml:42:21-48
126            </intent-filter>
127        </activity>
128
129        <service
129-->[com.google.firebase:firebase-auth:20.0.4] AndroidManifest.xml:64:9-73:19
130            android:name="com.google.firebase.auth.api.fallback.service.FirebaseAuthFallbackService"
130-->[com.google.firebase:firebase-auth:20.0.4] AndroidManifest.xml:65:13-101
131            android:enabled="true"
131-->[com.google.firebase:firebase-auth:20.0.4] AndroidManifest.xml:66:13-35
132            android:exported="false" >
132-->[com.google.firebase:firebase-auth:20.0.4] AndroidManifest.xml:67:13-37
133            <intent-filter>
133-->[com.google.firebase:firebase-auth:20.0.4] AndroidManifest.xml:68:13-72:29
134                <action android:name="com.google.firebase.auth.api.gms.service.START" />
134-->[com.google.firebase:firebase-auth:20.0.4] AndroidManifest.xml:69:17-89
134-->[com.google.firebase:firebase-auth:20.0.4] AndroidManifest.xml:69:25-86
135
136                <category android:name="android.intent.category.DEFAULT" />
136-->[com.google.firebase:firebase-auth:20.0.4] AndroidManifest.xml:36:17-76
136-->[com.google.firebase:firebase-auth:20.0.4] AndroidManifest.xml:36:27-73
137            </intent-filter>
138        </service>
139
140        <activity
140-->[com.google.android.gms:play-services-base:17.1.0] AndroidManifest.xml:23:9-26:75
141            android:name="com.google.android.gms.common.api.GoogleApiActivity"
141-->[com.google.android.gms:play-services-base:17.1.0] AndroidManifest.xml:24:13-79
142            android:exported="false"
142-->[com.google.android.gms:play-services-base:17.1.0] AndroidManifest.xml:25:13-37
143            android:theme="@android:style/Theme.Translucent.NoTitleBar" />
143-->[com.google.android.gms:play-services-base:17.1.0] AndroidManifest.xml:26:13-72
144
145        <provider
145-->[com.google.firebase:firebase-common:19.5.0] AndroidManifest.xml:26:9-31:39
146            android:name="com.google.firebase.provider.FirebaseInitProvider"
146-->[com.google.firebase:firebase-common:19.5.0] AndroidManifest.xml:27:13-77
147            android:authorities="com.example.socio.firebaseinitprovider"
147-->[com.google.firebase:firebase-common:19.5.0] AndroidManifest.xml:28:13-72
148            android:directBootAware="true"
148-->[com.google.firebase:firebase-common:19.5.0] AndroidManifest.xml:29:13-43
149            android:exported="false"
149-->[com.google.firebase:firebase-common:19.5.0] AndroidManifest.xml:30:13-37
150            android:initOrder="100" />
150-->[com.google.firebase:firebase-common:19.5.0] AndroidManifest.xml:31:13-36
151
152        <receiver
152-->[com.google.android.gms:play-services-measurement:18.0.3] AndroidManifest.xml:29:9-33:20
153            android:name="com.google.android.gms.measurement.AppMeasurementReceiver"
153-->[com.google.android.gms:play-services-measurement:18.0.3] AndroidManifest.xml:30:13-85
154            android:enabled="true"
154-->[com.google.android.gms:play-services-measurement:18.0.3] AndroidManifest.xml:31:13-35
155            android:exported="false" >
155-->[com.google.android.gms:play-services-measurement:18.0.3] AndroidManifest.xml:32:13-37
156        </receiver>
157
158        <service
158-->[com.google.android.gms:play-services-measurement:18.0.3] AndroidManifest.xml:35:9-38:40
159            android:name="com.google.android.gms.measurement.AppMeasurementService"
159-->[com.google.android.gms:play-services-measurement:18.0.3] AndroidManifest.xml:36:13-84
160            android:enabled="true"
160-->[com.google.android.gms:play-services-measurement:18.0.3] AndroidManifest.xml:37:13-35
161            android:exported="false" />
161-->[com.google.android.gms:play-services-measurement:18.0.3] AndroidManifest.xml:38:13-37
162        <service
162-->[com.google.android.gms:play-services-measurement:18.0.3] AndroidManifest.xml:39:9-43:72
163            android:name="com.google.android.gms.measurement.AppMeasurementJobService"
163-->[com.google.android.gms:play-services-measurement:18.0.3] AndroidManifest.xml:40:13-87
164            android:enabled="true"
164-->[com.google.android.gms:play-services-measurement:18.0.3] AndroidManifest.xml:41:13-35
165            android:exported="false"
165-->[com.google.android.gms:play-services-measurement:18.0.3] AndroidManifest.xml:42:13-37
166            android:permission="android.permission.BIND_JOB_SERVICE" />
166-->[com.google.android.gms:play-services-measurement:18.0.3] AndroidManifest.xml:43:13-69
167
168        <meta-data
168-->[com.google.android.gms:play-services-basement:17.1.0] AndroidManifest.xml:23:9-25:69
169            android:name="com.google.android.gms.version"
169-->[com.google.android.gms:play-services-basement:17.1.0] AndroidManifest.xml:24:13-58
170            android:value="@integer/google_play_services_version" />
170-->[com.google.android.gms:play-services-basement:17.1.0] AndroidManifest.xml:25:13-66
171    </application>
172
173</manifest>